<?xml version="1.0" encoding="UTF-8"?>
<!-- Generated by org.testng.reporters.JUnitXMLReporter -->
<testsuite ignored="0" hostname="LAPTOP-TG90UIQI" failures="0" tests="5" name="Default test" time="28.503" errors="0" timestamp="2022-06-20T15:17:22 IST">
  <testcase classname="com.test.Test_01" name="Test_001" time="0.2"/>
  <testcase classname="com.test.Test_01" name="Test_002" time="0.118"/>
  <testcase classname="com.test.Test_01" name="Test_003" time="0.111"/>
  <testcase classname="com.test.Test_01" name="Test_004" time="0.115"/>
  <testcase classname="com.test.Test_01" name="Test_005" time="0.113"/>
</testsuite> <!-- Default test -->
