<?xml version="1.0" encoding="UTF-8"?>
<testng-results ignored="0" total="5" passed="5" failed="0" skipped="0">
  <reporter-output>
  </reporter-output>
  <suite started-at="2022-06-20T15:16:53 IST" name="Default suite" finished-at="2022-06-20T15:17:22 IST" duration-ms="28503">
    <groups>
    </groups>
    <test started-at="2022-06-20T15:16:53 IST" name="Default test" finished-at="2022-06-20T15:17:22 IST" duration-ms="28503">
      <class name="com.test.Test_01">
        <test-method is-config="true" signature="setUp()[pri:0, instance:com.test.Test_01@59fd97a8]" started-at="2022-06-20T15:16:53 IST" name="setUp" finished-at="2022-06-20T15:16:59 IST" duration-ms="5797" status="PASS">
          <reporter-output>
          </reporter-output>
        </test-method> <!-- setUp -->
        <test-method signature="Test_001()[pri:0, instance:com.test.Test_01@59fd97a8]" started-at="2022-06-20T15:16:59 IST" name="Test_001" finished-at="2022-06-20T15:16:59 IST" duration-ms="200" status="PASS">
          <reporter-output>
          </reporter-output>
        </test-method> <!-- Test_001 -->
        <test-method is-config="true" signature="teadDown()[pri:0, instance:com.test.Test_01@59fd97a8]" started-at="2022-06-20T15:16:59 IST" name="teadDown" finished-at="2022-06-20T15:17:00 IST" duration-ms="544" status="PASS">
          <reporter-output>
          </reporter-output>
        </test-method> <!-- teadDown -->
        <test-method is-config="true" signature="setUp()[pri:0, instance:com.test.Test_01@59fd97a8]" started-at="2022-06-20T15:17:00 IST" name="setUp" finished-at="2022-06-20T15:17:04 IST" duration-ms="4805" status="PASS">
          <reporter-output>
          </reporter-output>
        </test-method> <!-- setUp -->
        <test-method signature="Test_002()[pri:0, instance:com.test.Test_01@59fd97a8]" started-at="2022-06-20T15:17:04 IST" name="Test_002" finished-at="2022-06-20T15:17:05 IST" duration-ms="118" status="PASS">
          <reporter-output>
          </reporter-output>
        </test-method> <!-- Test_002 -->
        <test-method is-config="true" signature="teadDown()[pri:0, instance:com.test.Test_01@59fd97a8]" started-at="2022-06-20T15:17:05 IST" name="teadDown" finished-at="2022-06-20T15:17:05 IST" duration-ms="427" status="PASS">
          <reporter-output>
          </reporter-output>
        </test-method> <!-- teadDown -->
        <test-method is-config="true" signature="setUp()[pri:0, instance:com.test.Test_01@59fd97a8]" started-at="2022-06-20T15:17:05 IST" name="setUp" finished-at="2022-06-20T15:17:10 IST" duration-ms="4700" status="PASS">
          <reporter-output>
          </reporter-output>
        </test-method> <!-- setUp -->
        <test-method signature="Test_003()[pri:0, instance:com.test.Test_01@59fd97a8]" started-at="2022-06-20T15:17:10 IST" name="Test_003" finished-at="2022-06-20T15:17:10 IST" duration-ms="111" status="PASS">
          <reporter-output>
          </reporter-output>
        </test-method> <!-- Test_003 -->
        <test-method is-config="true" signature="teadDown()[pri:0, instance:com.test.Test_01@59fd97a8]" started-at="2022-06-20T15:17:10 IST" name="teadDown" finished-at="2022-06-20T15:17:10 IST" duration-ms="479" status="PASS">
          <reporter-output>
          </reporter-output>
        </test-method> <!-- teadDown -->
        <test-method is-config="true" signature="setUp()[pri:0, instance:com.test.Test_01@59fd97a8]" started-at="2022-06-20T15:17:10 IST" name="setUp" finished-at="2022-06-20T15:17:15 IST" duration-ms="4790" status="PASS">
          <reporter-output>
          </reporter-output>
        </test-method> <!-- setUp -->
        <test-method signature="Test_004()[pri:0, instance:com.test.Test_01@59fd97a8]" started-at="2022-06-20T15:17:15 IST" name="Test_004" finished-at="2022-06-20T15:17:15 IST" duration-ms="115" status="PASS">
          <reporter-output>
          </reporter-output>
        </test-method> <!-- Test_004 -->
        <test-method is-config="true" signature="teadDown()[pri:0, instance:com.test.Test_01@59fd97a8]" started-at="2022-06-20T15:17:15 IST" name="teadDown" finished-at="2022-06-20T15:17:16 IST" duration-ms="415" status="PASS">
          <reporter-output>
          </reporter-output>
        </test-method> <!-- teadDown -->
        <test-method is-config="true" signature="setUp()[pri:0, instance:com.test.Test_01@59fd97a8]" started-at="2022-06-20T15:17:16 IST" name="setUp" finished-at="2022-06-20T15:17:21 IST" duration-ms="5331" status="PASS">
          <reporter-output>
          </reporter-output>
        </test-method> <!-- setUp -->
        <test-method signature="Test_005()[pri:0, instance:com.test.Test_01@59fd97a8]" started-at="2022-06-20T15:17:21 IST" name="Test_005" finished-at="2022-06-20T15:17:21 IST" duration-ms="113" status="PASS">
          <reporter-output>
          </reporter-output>
        </test-method> <!-- Test_005 -->
        <test-method is-config="true" signature="teadDown()[pri:0, instance:com.test.Test_01@59fd97a8]" started-at="2022-06-20T15:17:21 IST" name="teadDown" finished-at="2022-06-20T15:17:22 IST" duration-ms="512" status="PASS">
          <reporter-output>
          </reporter-output>
        </test-method> <!-- teadDown -->
      </class> <!-- com.test.Test_01 -->
    </test> <!-- Default test -->
  </suite> <!-- Default suite -->
</testng-results>
